{
  "stats": {
    "suites": 1,
    "tests": 1,
    "passes": 1,
    "pending": 0,
    "failures": 0,
    "start": "2025-04-24T05:50:19.584Z",
    "end": "2025-04-24T05:51:40.760Z",
    "duration": 81176,
    "testsRegistered": 1,
    "passPercent": 100,
    "pendingPercent": 0,
    "other": 0,
    "hasOther": false,
    "skipped": 0,
    "hasSkipped": false
  },
  "results": [
    {
      "uuid": "1df52ac9-dcd6-42f2-a448-eed1312701a4",
      "title": "",
      "fullFile": "cypress\\e2e\\searchandfilter.cy.js",
      "file": "cypress\\e2e\\searchandfilter.cy.js",
      "beforeHooks": [],
      "afterHooks": [],
      "tests": [],
      "suites": [
        {
          "uuid": "3985511d-a9e6-4b87-85a1-e0e96d555594",
          "title": "search and filter functionality",
          "fullFile": "",
          "file": "",
          "beforeHooks": [],
          "afterHooks": [],
          "tests": [
            {
              "title": "tests search and filter functionality",
              "fullTitle": "search and filter functionality tests search and filter functionality",
              "timedOut": null,
              "duration": 77116,
              "state": "passed",
              "speed": "slow",
              "pass": true,
              "fail": false,
              "pending": false,
              "context": null,
              "code": "cy.visit(\"https://partner.hpe.com/\");\ncy.get(\"#p_p_id_loginPortlet_\", {\n  timeout: 10000\n}).should('be.visible');\ncy.get(\"header > span\", {\n  timeout: 10000\n}).should('be.visible');\ncy.get(\"#oktaEmailInput\").should('be.visible').click();\ncy.get(\"#oktaEmailInput\").type(\"demo_apj_distributor@pproap.com\");\ncy.get(\"#oktaSignInBtn\").should('not.have.class', 'disabled').click();\ncy.get(\"#password-sign-in\", {\n  timeout: 10000\n}).should('be.visible').click();\ncy.get(\"#password-sign-in\").type(\"Login2PRP!\");\ncy.get(\"#onepass-submit-btn\").click();\ncy.origin('https://login-iam.ext.hpe.com', () => {\n  cy.get(\"input[value='Log on']\", {\n    timeout: 10000\n  }).should('be.visible');\n});\ncy.visit(\"https://partner.hpe.com/\");\ncy.xpath(\"//a[@id='userIconImg']//img\", {\n  timeout: 10000\n}).should(\"be.visible\");\ncy.get(\"li.search-img img\").click();\ncy.get(\"#customCommonSearch\").click();\ncy.get(\"#customCommonSearch\").type(\"new order request{enter}\");\ncy.xpath(\"//span[@class='searchTextClass']\", {\n  timeout: 10000\n}).should('be.visible');\ncy.get(\"div.search-filter > div > div:nth-of-type(2) li:nth-of-type(1) span:nth-of-type(2)\").click();\ncy.wait(5000);\ncy.get(\"div:nth-of-type(3) li:nth-of-type(2) span.checkmark\").click();\ncy.wait(5000);\ncy.get(\"div:nth-of-type(5) li:nth-of-type(2) span.checkmark\").click();\ncy.wait(5000);\ncy.get(\"div:nth-of-type(4) span.checkmark\").click();\ncy.wait(5000);\ncy.get(\"#clearFilterDisplay\").click();\ncy.wait(5000);",
              "err": {},
              "uuid": "0ce82192-eb75-4266-966a-02f61aaf9c68",
              "parentUUID": "3985511d-a9e6-4b87-85a1-e0e96d555594",
              "isHook": false,
              "skipped": false
            }
          ],
          "suites": [],
          "passes": [
            "0ce82192-eb75-4266-966a-02f61aaf9c68"
          ],
          "failures": [],
          "pending": [],
          "skipped": [],
          "duration": 77116,
          "root": false,
          "rootEmpty": false,
          "_timeout": 2000
        }
      ],
      "passes": [],
      "failures": [],
      "pending": [],
      "skipped": [],
      "duration": 0,
      "root": true,
      "rootEmpty": true,
      "_timeout": 2000
    }
  ],
  "meta": {
    "mocha": {
      "version": "7.2.0"
    },
    "mochawesome": {
      "options": {
        "quiet": false,
        "reportFilename": "mochawesome",
        "saveHtml": true,
        "saveJson": true,
        "consoleReporter": "spec",
        "useInlineDiffs": false,
        "code": true
      },
      "version": "7.1.3"
    },
    "marge": {
      "options": {
        "reportDir": "cypress/reports",
        "overwrite": false,
        "html": true,
        "json": true
      },
      "version": "6.2.0"
    }
  }
}