{
  "stats": {
    "suites": 1,
    "tests": 1,
    "passes": 1,
    "pending": 0,
    "failures": 0,
    "start": "2025-04-23T13:21:56.974Z",
    "end": "2025-04-23T13:22:39.095Z",
    "duration": 42121,
    "testsRegistered": 1,
    "passPercent": 100,
    "pendingPercent": 0,
    "other": 0,
    "hasOther": false,
    "skipped": 0,
    "hasSkipped": false
  },
  "results": [
    {
      "uuid": "69ae23db-106d-4259-b271-146eee9a436a",
      "title": "",
      "fullFile": "cypress\\e2e\\login.cy.js",
      "file": "cypress\\e2e\\login.cy.js",
      "beforeHooks": [],
      "afterHooks": [],
      "tests": [],
      "suites": [
        {
          "uuid": "43c7274b-2f5f-4868-ac0a-7c0fbf58d89c",
          "title": "Login account",
          "fullFile": "",
          "file": "",
          "beforeHooks": [],
          "afterHooks": [],
          "tests": [
            {
              "title": "passes",
              "fullTitle": "Login account passes",
              "timedOut": null,
              "duration": 37903,
              "state": "passed",
              "speed": "slow",
              "pass": true,
              "fail": false,
              "pending": false,
              "context": null,
              "code": "cy.visit(\"https://partner.hpe.com/\");\ncy.get(\"#p_p_id_loginPortlet_\", {\n  timeout: 10000\n}).should('be.visible');\ncy.get(\"header > span\", {\n  timeout: 10000\n}).should('be.visible');\ncy.get(\"#oktaEmailInput\").should('be.visible').click();\ncy.get(\"#oktaEmailInput\").type(\"demo_apj_distributor@pproap.com\");\ncy.get(\"#oktaSignInBtn\").should('not.have.class', 'disabled').click();\ncy.get(\"#password-sign-in\", {\n  timeout: 10000\n}).should('be.visible').click();\ncy.get(\"#password-sign-in\").type(\"Login2PRP!\");\ncy.get(\"#onepass-submit-btn\").click();\ncy.origin('https://login-iam.ext.hpe.com', () => {\n  cy.get(\"input[value='Log on']\", {\n    timeout: 10000\n  }).should('be.visible');\n});\ncy.visit(\"https://partner.hpe.com\");\ncy.xpath(\"//a[@id='userIconImg']//img\", {\n  timeout: 10000\n}).should(\"be.visible\"); // opsional",
              "err": {},
              "uuid": "49f38425-d2d8-43ea-a42a-cedaa5b30fa6",
              "parentUUID": "43c7274b-2f5f-4868-ac0a-7c0fbf58d89c",
              "isHook": false,
              "skipped": false
            }
          ],
          "suites": [],
          "passes": [
            "49f38425-d2d8-43ea-a42a-cedaa5b30fa6"
          ],
          "failures": [],
          "pending": [],
          "skipped": [],
          "duration": 37903,
          "root": false,
          "rootEmpty": false,
          "_timeout": 2000
        }
      ],
      "passes": [],
      "failures": [],
      "pending": [],
      "skipped": [],
      "duration": 0,
      "root": true,
      "rootEmpty": true,
      "_timeout": 2000
    }
  ],
  "meta": {
    "mocha": {
      "version": "7.2.0"
    },
    "mochawesome": {
      "options": {
        "quiet": false,
        "reportFilename": "mochawesome",
        "saveHtml": true,
        "saveJson": true,
        "consoleReporter": "spec",
        "useInlineDiffs": false,
        "code": true
      },
      "version": "7.1.3"
    },
    "marge": {
      "options": {
        "reportDir": "cypress/reports",
        "overwrite": false,
        "html": true,
        "json": true
      },
      "version": "6.2.0"
    }
  }
}