{
  "stats": {
    "suites": 1,
    "tests": 1,
    "passes": 1,
    "pending": 0,
    "failures": 0,
    "start": "2025-04-25T03:07:11.420Z",
    "end": "2025-04-25T03:07:26.740Z",
    "duration": 15320,
    "testsRegistered": 1,
    "passPercent": 100,
    "pendingPercent": 0,
    "other": 0,
    "hasOther": false,
    "skipped": 0,
    "hasSkipped": false
  },
  "results": [
    {
      "uuid": "a5e39fc8-06f1-4e73-bcf2-e2d2ae91640d",
      "title": "",
      "fullFile": "cypress\\e2e\\login_invalid_credential.cy.js",
      "file": "cypress\\e2e\\login_invalid_credential.cy.js",
      "beforeHooks": [],
      "afterHooks": [],
      "tests": [],
      "suites": [
        {
          "uuid": "e7694e3a-6d6e-4f93-bd18-575c78a4b21f",
          "title": "Login with invalid credential",
          "fullFile": "",
          "file": "",
          "beforeHooks": [],
          "afterHooks": [],
          "tests": [
            {
              "title": "tests login_invalid_credentials",
              "fullTitle": "Login with invalid credential tests login_invalid_credentials",
              "timedOut": null,
              "duration": 12298,
              "state": "passed",
              "speed": "slow",
              "pass": true,
              "fail": false,
              "pending": false,
              "context": null,
              "code": "cy.visit(\"https://partner.hpe.com/web/prp\");\ncy.get(\"#oktaEmailInput\").type(\"demo_apj_distributor@ppproap.com\");\ncy.get(\"#oktaSignInBtn\").click();\ncy.get(\"#password-sign-in\").click();\ncy.get(\"#password-sign-in\").type(\"Login2PRP!\");\ncy.get(\"#onepass-submit-btn\").click();\ncy.xpath(\"//div[@id='widget-login-error']\").should('be.visible');",
              "err": {},
              "uuid": "0f13751f-90e1-457a-8b0e-e0b3c5c0318c",
              "parentUUID": "e7694e3a-6d6e-4f93-bd18-575c78a4b21f",
              "isHook": false,
              "skipped": false
            }
          ],
          "suites": [],
          "passes": [
            "0f13751f-90e1-457a-8b0e-e0b3c5c0318c"
          ],
          "failures": [],
          "pending": [],
          "skipped": [],
          "duration": 12298,
          "root": false,
          "rootEmpty": false,
          "_timeout": 2000
        }
      ],
      "passes": [],
      "failures": [],
      "pending": [],
      "skipped": [],
      "duration": 0,
      "root": true,
      "rootEmpty": true,
      "_timeout": 2000
    }
  ],
  "meta": {
    "mocha": {
      "version": "7.2.0"
    },
    "mochawesome": {
      "options": {
        "quiet": false,
        "reportFilename": "mochawesome",
        "saveHtml": true,
        "saveJson": true,
        "consoleReporter": "spec",
        "useInlineDiffs": false,
        "code": true
      },
      "version": "7.1.3"
    },
    "marge": {
      "options": {
        "reportDir": "cypress/reports",
        "overwrite": false,
        "html": true,
        "json": true
      },
      "version": "6.2.0"
    }
  }
}